<?xml version="1.0" encoding="UTF-8"?>
<testsuite name="data.DBWriterTest" tests="1" skipped="0" failures="0" errors="0" timestamp="2021-09-24T12:55:22" hostname="alexander-IdeaPad-3-15IIL05" time="0.042">
  <properties/>
  <testcase name="addElement()" classname="data.DBWriterTest" time="0.042"/>
  <system-out><![CDATA[]]></system-out>
  <system-err><![CDATA[]]></system-err>
</testsuite>
