<?xml version="1.0" encoding="UTF-8"?>
<testsuite name="connection.OrdinaryRequestWriterTest" tests="1" skipped="0" failures="0" errors="0" timestamp="2021-08-16T02:11:34" hostname="alexander-IdeaPad-3-15IIL05" time="0.032">
  <properties/>
  <testcase name="writeRequest()" classname="connection.OrdinaryRequestWriterTest" time="0.032"/>
  <system-out><![CDATA[Type: worker
id: 0
name: default
coordinates: X: 0.0Y: 0.0
creation date: 2021-08-16T05:11:34.237
salary: 0.0
end date: no date specified
position: MANAGER
status: FIRED
organization: no organization specified
Type: worker
id: 0
name: default
coordinates: X: nullY: 0.0
creation date: 2021-08-16T05:11:34.237
salary: 0.0
end date: no date specified
position: MANAGER
status: FIRED
organization: no organization specified
]]></system-out>
  <system-err><![CDATA[]]></system-err>
</testsuite>
