<?xml version="1.0" encoding="UTF-8"?>
<testsuite name="command_execution.ScriptReaderImplTest" tests="1" skipped="0" failures="0" errors="0" timestamp="2021-08-27T07:42:59" hostname="alexander-IdeaPad-3-15IIL05" time="0.037">
  <properties/>
  <testcase name="getScript()" classname="command_execution.ScriptReaderImplTest" time="0.037"/>
  <system-out><![CDATA[]]></system-out>
  <system-err><![CDATA[]]></system-err>
</testsuite>
